Arguments: 
  /usr/bin/node /usr/bin/yarn install

PATH: 
  /home/vagrant/.composer/vendor/bin:/usr/local/go/bin:/usr/local/sbin:/usr/local/bin:/usr/sbin:/usr/bin:/sbin:/bin:/usr/games:/usr/local/games:/snap/bin

Yarn version: 
  1.6.0

Node version: 
  8.11.1

Platform: 
  linux x64

Trace: 
  Error: EPROTO: protocol error, symlink '../../../semver/bin/semver' -> '/home/vagrant/Code/TaskManager/node_modules/accord/node_modules/.bin/semver'

npm manifest: 
  {
    "private": true,
    "scripts": {
      "prod": "gulp --production",
      "dev": "gulp watch"
    },
    "devDependencies": {
      "gulp": "^3.9.1",
      "bootstrap-sass": "^3.0.0",
      "laravel-elixir": "^6.0.0-9",
      "laravel-elixir-vue-2": "^0.2.0",
      "laravel-elixir-webpack-official": "^1.0.2",
      "vue": "^2.0.1",
      "vue-resource": "^1.0.3"
    }
  }

yarn manifest: 
  No manifest

Lockfile: 
  No lockfile
